# JRE version: Java(TM) SE Runtime Environment (8.0_211-b12) (build 1.8.0_211-b12)
# Java VM: Java HotSpot(TM) 64-Bit Server VM (25.211-b12 mixed mode windows-amd64 compressed oops)
Heap:
 PSYoungGen      total 297984K, used 54389K [0x000000076b380000, 0x000000077ea00000, 0x00000007c0000000)
  eden space 281088K, 14% used [0x000000076b380000,0x000000076da57308,0x000000077c600000)
  from space 16896K, 86% used [0x000000077d880000,0x000000077e6c61c0,0x000000077e900000)
  to   space 18432K, 0% used [0x000000077c600000,0x000000077c600000,0x000000077d800000)
 ParOldGen       total 235008K, used 27565K [0x00000006c1a00000, 0x00000006cff80000, 0x000000076b380000)
  object space 235008K, 11% used [0x00000006c1a00000,0x00000006c34eb508,0x00000006cff80000)
 Metaspace       used 70731K, capacity 75084K, committed 75136K, reserved 1114112K
  class space    used 9618K, capacity 10348K, committed 10368K, reserved 1048576K
GC Heap History (10 events):
Event: 8.521 GC heap before
{Heap before GC invocations=13 (full 2):
 PSYoungGen      total 219136K, used 218923K [0x000000076b380000, 0x000000077b000000, 0x00000007c0000000)
  eden space 211968K, 100% used [0x000000076b380000,0x0000000778280000,0x0000000778280000)
  from space 7168K, 97% used [0x000000077a900000,0x000000077afcaf40,0x000000077b000000)
  to   space 10752K, 0% used [0x0000000779b00000,0x0000000779b00000,0x000000077a580000)
 ParOldGen       total 155136K, used 11757K [0x00000006c1a00000, 0x00000006cb180000, 0x000000076b380000)
  object space 155136K, 7% used [0x00000006c1a00000,0x00000006c257b5c8,0x00000006cb180000)
 Metaspace       used 47344K, capacity 50364K, committed 50688K, reserved 1093632K
  class space    used 6341K, capacity 6870K, committed 6912K, reserved 1048576K
Event: 8.530 GC heap after
Heap after GC invocations=13 (full 2):
 PSYoungGen      total 247808K, used 10739K [0x000000076b380000, 0x000000077c100000, 0x00000007c0000000)
  eden space 237056K, 0% used [0x000000076b380000,0x000000076b380000,0x0000000779b00000)
  from space 10752K, 99% used [0x0000000779b00000,0x000000077a57cde0,0x000000077a580000)
  to   space 13824K, 0% used [0x000000077b380000,0x000000077b380000,0x000000077c100000)
 ParOldGen       total 155136K, used 17198K [0x00000006c1a00000, 0x00000006cb180000, 0x000000076b380000)
  object space 155136K, 11% used [0x00000006c1a00000,0x00000006c2acb838,0x00000006cb180000)
 Metaspace       used 47344K, capacity 50364K, committed 50688K, reserved 1093632K
  class space    used 6341K, capacity 6870K, committed 6912K, reserved 1048576K
}
Event: 9.782 GC heap before
{Heap before GC invocations=14 (full 2):
 PSYoungGen      total 247808K, used 223402K [0x000000076b380000, 0x000000077c100000, 0x00000007c0000000)
  eden space 237056K, 89% used [0x000000076b380000,0x000000077832dad0,0x0000000779b00000)
  from space 10752K, 99% used [0x0000000779b00000,0x000000077a57cde0,0x000000077a580000)
  to   space 13824K, 0% used [0x000000077b380000,0x000000077b380000,0x000000077c100000)
 ParOldGen       total 155136K, used 17198K [0x00000006c1a00000, 0x00000006cb180000, 0x000000076b380000)
  object space 155136K, 11% used [0x00000006c1a00000,0x00000006c2acb838,0x00000006cb180000)
 Metaspace       used 55853K, capacity 58970K, committed 59136K, reserved 1099776K
  class space    used 7586K, capacity 8133K, committed 8192K, reserved 1048576K
Event: 9.793 GC heap after
Heap after GC invocations=14 (full 2):
 PSYoungGen      total 259072K, used 13816K [0x000000076b380000, 0x000000077e180000, 0x00000007c0000000)
  eden space 245248K, 0% used [0x000000076b380000,0x000000076b380000,0x000000077a300000)
  from space 13824K, 99% used [0x000000077b380000,0x000000077c0fe1e0,0x000000077c100000)
  to   space 16896K, 0% used [0x000000077a300000,0x000000077a300000,0x000000077b380000)
 ParOldGen       total 155136K, used 21224K [0x00000006c1a00000, 0x00000006cb180000, 0x000000076b380000)
  object space 155136K, 13% used [0x00000006c1a00000,0x00000006c2eba180,0x00000006cb180000)
 Metaspace       used 55853K, capacity 58970K, committed 59136K, reserved 1099776K
  class space    used 7586K, capacity 8133K, committed 8192K, reserved 1048576K
}
Event: 9.793 GC heap before
{Heap before GC invocations=15 (full 3):
 PSYoungGen      total 259072K, used 13816K [0x000000076b380000, 0x000000077e180000, 0x00000007c0000000)
  eden space 245248K, 0% used [0x000000076b380000,0x000000076b380000,0x000000077a300000)
  from space 13824K, 99% used [0x000000077b380000,0x000000077c0fe1e0,0x000000077c100000)
  to   space 16896K, 0% used [0x000000077a300000,0x000000077a300000,0x000000077b380000)
 ParOldGen       total 155136K, used 21224K [0x00000006c1a00000, 0x00000006cb180000, 0x000000076b380000)
  object space 155136K, 13% used [0x00000006c1a00000,0x00000006c2eba180,0x00000006cb180000)
 Metaspace       used 55853K, capacity 58970K, committed 59136K, reserved 1099776K
  class space    used 7586K, capacity 8133K, committed 8192K, reserved 1048576K
Event: 9.929 GC heap after
Heap after GC invocations=15 (full 3):
 PSYoungGen      total 259072K, used 0K [0x000000076b380000, 0x000000077e180000, 0x00000007c0000000)
  eden space 245248K, 0% used [0x000000076b380000,0x000000076b380000,0x000000077a300000)
  from space 13824K, 0% used [0x000000077b380000,0x000000077b380000,0x000000077c100000)
  to   space 16896K, 0% used [0x000000077a300000,0x000000077a300000,0x000000077b380000)
 ParOldGen       total 235008K, used 27549K [0x00000006c1a00000, 0x00000006cff80000, 0x000000076b380000)
  object space 235008K, 11% used [0x00000006c1a00000,0x00000006c34e7508,0x00000006cff80000)
 Metaspace       used 55853K, capacity 58970K, committed 59136K, reserved 1099776K
  class space    used 7586K, capacity 8133K, committed 8192K, reserved 1048576K
}
Event: 11.281 GC heap before
{Heap before GC invocations=16 (full 3):
 PSYoungGen      total 259072K, used 245248K [0x000000076b380000, 0x000000077e180000, 0x00000007c0000000)
  eden space 245248K, 100% used [0x000000076b380000,0x000000077a300000,0x000000077a300000)
  from space 13824K, 0% used [0x000000077b380000,0x000000077b380000,0x000000077c100000)
  to   space 16896K, 0% used [0x000000077a300000,0x000000077a300000,0x000000077b380000)
 ParOldGen       total 235008K, used 27549K [0x00000006c1a00000, 0x00000006cff80000, 0x000000076b380000)
  object space 235008K, 11% used [0x00000006c1a00000,0x00000006c34e7508,0x00000006cff80000)
 Metaspace       used 61320K, capacity 65140K, committed 65408K, reserved 1105920K
  class space    used 8387K, capacity 9038K, committed 9088K, reserved 1048576K
Event: 11.287 GC heap after
Heap after GC invocations=16 (full 3):
 PSYoungGen      total 262144K, used 10444K [0x000000076b380000, 0x000000077e900000, 0x00000007c0000000)
  eden space 245248K, 0% used [0x000000076b380000,0x000000076b380000,0x000000077a300000)
  from space 16896K, 61% used [0x000000077a300000,0x000000077ad33338,0x000000077b380000)
  to   space 16896K, 0% used [0x000000077d880000,0x000000077d880000,0x000000077e900000)
 ParOldGen       total 235008K, used 27557K [0x00000006c1a00000, 0x00000006cff80000, 0x000000076b380000)
  object space 235008K, 11% used [0x00000006c1a00000,0x00000006c34e9508,0x00000006cff80000)
 Metaspace       used 61320K, capacity 65140K, committed 65408K, reserved 1105920K
  class space    used 8387K, capacity 9038K, committed 9088K, reserved 1048576K
}
Event: 13.269 GC heap before
{Heap before GC invocations=17 (full 3):
 PSYoungGen      total 262144K, used 255692K [0x000000076b380000, 0x000000077e900000, 0x00000007c0000000)
  eden space 245248K, 100% used [0x000000076b380000,0x000000077a300000,0x000000077a300000)
  from space 16896K, 61% used [0x000000077a300000,0x000000077ad33338,0x000000077b380000)
  to   space 16896K, 0% used [0x000000077d880000,0x000000077d880000,0x000000077e900000)
 ParOldGen       total 235008K, used 27557K [0x00000006c1a00000, 0x00000006cff80000, 0x000000076b380000)
  object space 235008K, 11% used [0x00000006c1a00000,0x00000006c34e9508,0x00000006cff80000)
 Metaspace       used 69269K, capacity 73506K, committed 73728K, reserved 1112064K
  class space    used 9425K, capacity 10119K, committed 10240K, reserved 1048576K
Event: 13.282 GC heap after
Heap after GC invocations=17 (full 3):
 PSYoungGen      total 297984K, used 14616K [0x000000076b380000, 0x000000077ea00000, 0x00000007c0000000)
  eden space 281088K, 0% used [0x000000076b380000,0x000000076b380000,0x000000077c600000)
  from space 16896K, 86% used [0x000000077d880000,0x000000077e6c61c0,0x000000077e900000)
  to   space 18432K, 0% used [0x000000077c600000,0x000000077c600000,0x000000077d800000)
 ParOldGen       total 235008K, used 27565K [0x00000006c1a00000, 0x00000006cff80000, 0x000000076b380000)
  object space 235008K, 11% used [0x00000006c1a00000,0x00000006c34eb508,0x00000006cff80000)
 Metaspace       used 69269K, capacity 73506K, committed 73728K, reserved 1112064K
  class space    used 9425K, capacity 10119K, committed 10240K, reserved 1048576K
}

