# JRE version: Java(TM) SE Runtime Environment (8.0_211-b12) (build 1.8.0_211-b12)
# Java VM: Java HotSpot(TM) 64-Bit Server VM (25.211-b12 mixed mode windows-amd64 compressed oops)
Heap:
 PSYoungGen      total 497152K, used 229226K [0x000000076b380000, 0x000000078ac00000, 0x00000007c0000000)
  eden space 477696K, 47% used [0x000000076b380000,0x000000077935aa98,0x0000000788600000)
  from space 19456K, 0% used [0x0000000789900000,0x0000000789900000,0x000000078ac00000)
  to   space 19456K, 0% used [0x0000000788600000,0x0000000788600000,0x0000000789900000)
 ParOldGen       total 201728K, used 28770K [0x00000006c1a00000, 0x00000006cdf00000, 0x000000076b380000)
  object space 201728K, 14% used [0x00000006c1a00000,0x00000006c3618a98,0x00000006cdf00000)
 Metaspace       used 68808K, capacity 72922K, committed 73176K, reserved 1112064K
  class space    used 9027K, capacity 9665K, committed 9728K, reserved 1048576K
GC Heap History (10 events):
Event: 98.306 GC heap before
{Heap before GC invocations=14 (full 4):
 PSYoungGen      total 487936K, used 12897K [0x000000076b380000, 0x000000078ac00000, 0x00000007c0000000)
  eden space 468480K, 0% used [0x000000076b380000,0x000000076b380000,0x0000000787d00000)
  from space 19456K, 66% used [0x0000000789000000,0x0000000789c98708,0x000000078a300000)
  to   space 19456K, 0% used [0x0000000787d00000,0x0000000787d00000,0x0000000789000000)
 ParOldGen       total 201728K, used 33185K [0x00000006c1a00000, 0x00000006cdf00000, 0x000000076b380000)
  object space 201728K, 16% used [0x00000006c1a00000,0x00000006c3a68718,0x00000006cdf00000)
 Metaspace       used 65679K, capacity 69340K, committed 69592K, reserved 1110016K
  class space    used 8844K, capacity 9433K, committed 9472K, reserved 1048576K
Event: 98.443 GC heap after
Heap after GC invocations=14 (full 4):
 PSYoungGen      total 487936K, used 0K [0x000000076b380000, 0x000000078ac00000, 0x00000007c0000000)
  eden space 468480K, 0% used [0x000000076b380000,0x000000076b380000,0x0000000787d00000)
  from space 19456K, 0% used [0x0000000789000000,0x0000000789000000,0x000000078a300000)
  to   space 19456K, 0% used [0x0000000787d00000,0x0000000787d00000,0x0000000789000000)
 ParOldGen       total 201728K, used 31714K [0x00000006c1a00000, 0x00000006cdf00000, 0x000000076b380000)
  object space 201728K, 15% used [0x00000006c1a00000,0x00000006c38f88b8,0x00000006cdf00000)
 Metaspace       used 65679K, capacity 69340K, committed 69592K, reserved 1110016K
  class space    used 8844K, capacity 9433K, committed 9472K, reserved 1048576K
}
Event: 105.082 GC heap before
{Heap before GC invocations=15 (full 4):
 PSYoungGen      total 487936K, used 228355K [0x000000076b380000, 0x000000078ac00000, 0x00000007c0000000)
  eden space 468480K, 48% used [0x000000076b380000,0x0000000779280cd0,0x0000000787d00000)
  from space 19456K, 0% used [0x0000000789000000,0x0000000789000000,0x000000078a300000)
  to   space 19456K, 0% used [0x0000000787d00000,0x0000000787d00000,0x0000000789000000)
 ParOldGen       total 201728K, used 31714K [0x00000006c1a00000, 0x00000006cdf00000, 0x000000076b380000)
  object space 201728K, 15% used [0x00000006c1a00000,0x00000006c38f88b8,0x00000006cdf00000)
 Metaspace       used 66920K, capacity 70712K, committed 71000K, reserved 1110016K
  class space    used 8898K, capacity 9498K, committed 9600K, reserved 1048576K
Event: 105.086 GC heap after
Heap after GC invocations=15 (full 4):
 PSYoungGen      total 487936K, used 5171K [0x000000076b380000, 0x000000078ac00000, 0x00000007c0000000)
  eden space 468480K, 0% used [0x000000076b380000,0x000000076b380000,0x0000000787d00000)
  from space 19456K, 26% used [0x0000000787d00000,0x000000078820cd80,0x0000000789000000)
  to   space 19456K, 0% used [0x0000000789900000,0x0000000789900000,0x000000078ac00000)
 ParOldGen       total 201728K, used 31722K [0x00000006c1a00000, 0x00000006cdf00000, 0x000000076b380000)
  object space 201728K, 15% used [0x00000006c1a00000,0x00000006c38fa8b8,0x00000006cdf00000)
 Metaspace       used 66920K, capacity 70712K, committed 71000K, reserved 1110016K
  class space    used 8898K, capacity 9498K, committed 9600K, reserved 1048576K
}
Event: 105.086 GC heap before
{Heap before GC invocations=16 (full 5):
 PSYoungGen      total 487936K, used 5171K [0x000000076b380000, 0x000000078ac00000, 0x00000007c0000000)
  eden space 468480K, 0% used [0x000000076b380000,0x000000076b380000,0x0000000787d00000)
  from space 19456K, 26% used [0x0000000787d00000,0x000000078820cd80,0x0000000789000000)
  to   space 19456K, 0% used [0x0000000789900000,0x0000000789900000,0x000000078ac00000)
 ParOldGen       total 201728K, used 31722K [0x00000006c1a00000, 0x00000006cdf00000, 0x000000076b380000)
  object space 201728K, 15% used [0x00000006c1a00000,0x00000006c38fa8b8,0x00000006cdf00000)
 Metaspace       used 66920K, capacity 70712K, committed 71000K, reserved 1110016K
  class space    used 8898K, capacity 9498K, committed 9600K, reserved 1048576K
Event: 105.314 GC heap after
Heap after GC invocations=16 (full 5):
 PSYoungGen      total 487936K, used 0K [0x000000076b380000, 0x000000078ac00000, 0x00000007c0000000)
  eden space 468480K, 0% used [0x000000076b380000,0x000000076b380000,0x0000000787d00000)
  from space 19456K, 0% used [0x0000000787d00000,0x0000000787d00000,0x0000000789000000)
  to   space 19456K, 0% used [0x0000000789900000,0x0000000789900000,0x000000078ac00000)
 ParOldGen       total 201728K, used 28722K [0x00000006c1a00000, 0x00000006cdf00000, 0x000000076b380000)
  object space 201728K, 14% used [0x00000006c1a00000,0x00000006c360ca40,0x00000006cdf00000)
 Metaspace       used 66920K, capacity 70712K, committed 71000K, reserved 1110016K
  class space    used 8898K, capacity 9498K, committed 9600K, reserved 1048576K
}
Event: 110.343 GC heap before
{Heap before GC invocations=17 (full 5):
 PSYoungGen      total 487936K, used 231619K [0x000000076b380000, 0x000000078ac00000, 0x00000007c0000000)
  eden space 468480K, 49% used [0x000000076b380000,0x00000007795b0d18,0x0000000787d00000)
  from space 19456K, 0% used [0x0000000787d00000,0x0000000787d00000,0x0000000789000000)
  to   space 19456K, 0% used [0x0000000789900000,0x0000000789900000,0x000000078ac00000)
 ParOldGen       total 201728K, used 28722K [0x00000006c1a00000, 0x00000006cdf00000, 0x000000076b380000)
  object space 201728K, 14% used [0x00000006c1a00000,0x00000006c360ca40,0x00000006cdf00000)
 Metaspace       used 67931K, capacity 71930K, committed 72024K, reserved 1112064K
  class space    used 8965K, capacity 9588K, committed 9600K, reserved 1048576K
Event: 110.347 GC heap after
Heap after GC invocations=17 (full 5):
 PSYoungGen      total 497152K, used 5012K [0x000000076b380000, 0x000000078ac00000, 0x00000007c0000000)
  eden space 477696K, 0% used [0x000000076b380000,0x000000076b380000,0x0000000788600000)
  from space 19456K, 25% used [0x0000000789900000,0x0000000789de5128,0x000000078ac00000)
  to   space 19456K, 0% used [0x0000000788600000,0x0000000788600000,0x0000000789900000)
 ParOldGen       total 201728K, used 28730K [0x00000006c1a00000, 0x00000006cdf00000, 0x000000076b380000)
  object space 201728K, 14% used [0x00000006c1a00000,0x00000006c360ea40,0x00000006cdf00000)
 Metaspace       used 67931K, capacity 71930K, committed 72024K, reserved 1112064K
  class space    used 8965K, capacity 9588K, committed 9600K, reserved 1048576K
}
Event: 110.347 GC heap before
{Heap before GC invocations=18 (full 6):
 PSYoungGen      total 497152K, used 5012K [0x000000076b380000, 0x000000078ac00000, 0x00000007c0000000)
  eden space 477696K, 0% used [0x000000076b380000,0x000000076b380000,0x0000000788600000)
  from space 19456K, 25% used [0x0000000789900000,0x0000000789de5128,0x000000078ac00000)
  to   space 19456K, 0% used [0x0000000788600000,0x0000000788600000,0x0000000789900000)
 ParOldGen       total 201728K, used 28730K [0x00000006c1a00000, 0x00000006cdf00000, 0x000000076b380000)
  object space 201728K, 14% used [0x00000006c1a00000,0x00000006c360ea40,0x00000006cdf00000)
 Metaspace       used 67931K, capacity 71930K, committed 72024K, reserved 1112064K
  class space    used 8965K, capacity 9588K, committed 9600K, reserved 1048576K
Event: 110.568 GC heap after
Heap after GC invocations=18 (full 6):
 PSYoungGen      total 497152K, used 0K [0x000000076b380000, 0x000000078ac00000, 0x00000007c0000000)
  eden space 477696K, 0% used [0x000000076b380000,0x000000076b380000,0x0000000788600000)
  from space 19456K, 0% used [0x0000000789900000,0x0000000789900000,0x000000078ac00000)
  to   space 19456K, 0% used [0x0000000788600000,0x0000000788600000,0x0000000789900000)
 ParOldGen       total 201728K, used 28770K [0x00000006c1a00000, 0x00000006cdf00000, 0x000000076b380000)
  object space 201728K, 14% used [0x00000006c1a00000,0x00000006c3618a98,0x00000006cdf00000)
 Metaspace       used 67928K, capacity 71924K, committed 72024K, reserved 1112064K
  class space    used 8965K, capacity 9586K, committed 9600K, reserved 1048576K
}

